2022-05-20 14:05:491 INFO  HomePage :35 - Mouse Hovering on Buy & Sell Link. 
2022-05-20 14:05:243 INFO  HomePage :39 - Mouse Hover & click on Search Car Link. 
2022-05-20 14:05:254 INFO  SearchAndUsedCarsPage :51 - Verifying New & Used Car Search - carsguide page is displayed. 
2022-05-20 14:05:107 INFO  SearchAndUsedCarsPage :62 - Selecting Car Make : Kia
2022-05-20 14:05:486 INFO  SearchAndUsedCarsPage :68 - Selecting Car Model : Niro
2022-05-20 14:05:784 INFO  SearchAndUsedCarsPage :74 - Selecting Car Location : QLD - All
2022-05-20 14:05:134 INFO  SearchAndUsedCarsPage :81 - Selecting Car Price : 90000
2022-05-20 14:05:464 INFO  SearchAndUsedCarsPage :87 - Clicking on Find Car Button. 
2022-05-20 14:05:90 INFO  HomePage :35 - Mouse Hovering on Buy & Sell Link. 
2022-05-20 14:05:376 INFO  HomePage :39 - Mouse Hover & click on Search Car Link. 
2022-05-20 14:05:384 INFO  SearchAndUsedCarsPage :51 - Verifying New & Used Car Search - carsguide page is displayed. 
2022-05-20 14:05:34 INFO  SearchAndUsedCarsPage :62 - Selecting Car Make : BMW
2022-05-20 14:05:679 INFO  SearchAndUsedCarsPage :68 - Selecting Car Model : 2 Series
2022-05-20 14:05:25 INFO  SearchAndUsedCarsPage :74 - Selecting Car Location : NSW - All
2022-05-20 14:05:353 INFO  SearchAndUsedCarsPage :81 - Selecting Car Price : 60000
2022-05-20 14:05:712 INFO  SearchAndUsedCarsPage :87 - Clicking on Find Car Button. 
2022-05-20 14:05:566 INFO  HomePage :35 - Mouse Hovering on Buy & Sell Link. 
2022-05-20 14:05:850 INFO  HomePage :39 - Mouse Hover & click on Search Car Link. 
2022-05-20 14:05:857 INFO  SearchAndUsedCarsPage :51 - Verifying New & Used Car Search - carsguide page is displayed. 
2022-05-20 14:05:555 INFO  SearchAndUsedCarsPage :62 - Selecting Car Make : Audi
2022-05-20 14:05:874 INFO  SearchAndUsedCarsPage :68 - Selecting Car Model : A3
2022-05-20 14:05:170 INFO  SearchAndUsedCarsPage :74 - Selecting Car Location : NSW - All
2022-05-20 14:05:438 INFO  SearchAndUsedCarsPage :81 - Selecting Car Price : 50000
2022-05-20 14:05:130 INFO  SearchAndUsedCarsPage :87 - Clicking on Find Car Button. 
2022-05-20 14:05:837 INFO  HomePage :35 - Mouse Hovering on Buy & Sell Link. 
2022-05-20 14:05:127 INFO  HomePage :39 - Mouse Hover & click on Search Car Link. 
2022-05-20 14:05:133 INFO  SearchAndUsedCarsPage :51 - Verifying New & Used Car Search - carsguide page is displayed. 
2022-05-20 14:05:993 INFO  SearchAndUsedCarsPage :62 - Selecting Car Make : Honda
2022-05-20 14:05:362 INFO  SearchAndUsedCarsPage :68 - Selecting Car Model : Civic
2022-05-20 14:05:653 INFO  SearchAndUsedCarsPage :74 - Selecting Car Location : NT - North
2022-05-20 14:05:938 INFO  SearchAndUsedCarsPage :81 - Selecting Car Price : 35000
2022-05-20 14:05:56 INFO  SearchAndUsedCarsPage :87 - Clicking on Find Car Button. 
2022-05-20 14:05:454 INFO  HomePage :35 - Mouse Hovering on Buy & Sell Link. 
2022-05-20 14:05:907 INFO  HomePage :39 - Mouse Hover & click on Search Car Link. 
2022-05-20 14:05:912 INFO  SearchAndUsedCarsPage :51 - Verifying New & Used Car Search - carsguide page is displayed. 
2022-05-20 14:05:817 INFO  SearchAndUsedCarsPage :62 - Selecting Car Make : Nissan
2022-05-20 14:05:451 INFO  SearchAndUsedCarsPage :68 - Selecting Car Model : Murano
2022-05-20 14:05:774 INFO  SearchAndUsedCarsPage :74 - Selecting Car Location : NSW - All
2022-05-20 14:05:50 INFO  SearchAndUsedCarsPage :81 - Selecting Car Price : 45000
2022-05-20 14:05:450 INFO  SearchAndUsedCarsPage :87 - Clicking on Find Car Button. 
2022-05-20 14:05:222 INFO  HomePage :35 - Mouse Hovering on Buy & Sell Link. 
2022-05-20 14:05:678 INFO  HomePage :39 - Mouse Hover & click on Search Car Link. 
2022-05-20 14:05:683 INFO  SearchAndUsedCarsPage :51 - Verifying New & Used Car Search - carsguide page is displayed. 
2022-05-20 14:05:575 INFO  SearchAndUsedCarsPage :62 - Selecting Car Make : Audi
2022-05-20 14:05:336 INFO  SearchAndUsedCarsPage :68 - Selecting Car Model : A1
2022-05-20 14:05:630 INFO  SearchAndUsedCarsPage :74 - Selecting Car Location : ACT - All
2022-05-20 14:05:908 INFO  SearchAndUsedCarsPage :81 - Selecting Car Price : 50000
2022-05-20 14:05:195 INFO  SearchAndUsedCarsPage :87 - Clicking on Find Car Button. 
2022-05-20 14:05:55 INFO  HomePage :35 - Mouse Hovering on Buy & Sell Link. 
2022-05-20 14:05:691 INFO  HomePage :43 - Mouse Hover & click on Used Car Link. 
2022-05-20 14:05:717 INFO  SearchAndUsedCarsPage :56 - Verifying Used Car for Sales Page Displayed.
2022-05-20 14:05:704 INFO  SearchAndUsedCarsPage :62 - Selecting Car Make : Nissan
2022-05-20 14:05:262 INFO  SearchAndUsedCarsPage :68 - Selecting Car Model : Murano
2022-05-20 14:05:570 INFO  SearchAndUsedCarsPage :74 - Selecting Car Location : NSW - All
2022-05-20 14:05:850 INFO  SearchAndUsedCarsPage :81 - Selecting Car Price : 30000
2022-05-20 14:05:589 INFO  SearchAndUsedCarsPage :87 - Clicking on Find Car Button. 
2022-05-20 14:05:47 INFO  HomePage :35 - Mouse Hovering on Buy & Sell Link. 
2022-05-20 14:05:461 INFO  HomePage :43 - Mouse Hover & click on Used Car Link. 
2022-05-20 14:05:477 INFO  SearchAndUsedCarsPage :56 - Verifying Used Car for Sales Page Displayed.
2022-05-20 14:05:383 INFO  SearchAndUsedCarsPage :62 - Selecting Car Make : Honda
2022-05-20 14:05:967 INFO  SearchAndUsedCarsPage :68 - Selecting Car Model : CR-V
2022-05-20 14:05:385 INFO  SearchAndUsedCarsPage :74 - Selecting Car Location : NSW - Newcastle
2022-05-20 14:05:705 INFO  SearchAndUsedCarsPage :81 - Selecting Car Price : 50000
2022-05-20 14:05:527 INFO  SearchAndUsedCarsPage :87 - Clicking on Find Car Button. 
2022-05-20 14:05:96 INFO  HomePage :35 - Mouse Hovering on Buy & Sell Link. 
2022-05-20 14:05:788 INFO  HomePage :43 - Mouse Hover & click on Used Car Link. 
2022-05-20 14:05:793 INFO  SearchAndUsedCarsPage :56 - Verifying Used Car for Sales Page Displayed.
2022-05-20 14:05:622 INFO  SearchAndUsedCarsPage :62 - Selecting Car Make : Honda
2022-05-20 14:05:43 INFO  SearchAndUsedCarsPage :68 - Selecting Car Model : Civic
2022-05-20 14:05:365 INFO  SearchAndUsedCarsPage :74 - Selecting Car Location : ACT - All
2022-05-20 14:05:631 INFO  SearchAndUsedCarsPage :81 - Selecting Car Price : 40000
2022-05-20 14:05:940 INFO  SearchAndUsedCarsPage :87 - Clicking on Find Car Button. 
2022-05-20 14:05:512 INFO  HomePage :35 - Mouse Hovering on Buy & Sell Link. 
2022-05-20 14:05:891 INFO  HomePage :43 - Mouse Hover & click on Used Car Link. 
2022-05-20 14:05:896 INFO  SearchAndUsedCarsPage :56 - Verifying Used Car for Sales Page Displayed.
2022-05-20 14:05:677 INFO  SearchAndUsedCarsPage :62 - Selecting Car Make : Mazda
2022-05-20 14:05:332 INFO  SearchAndUsedCarsPage :68 - Selecting Car Model : CX-3
2022-05-20 14:05:695 INFO  SearchAndUsedCarsPage :74 - Selecting Car Location : QLD - All
2022-05-20 14:05:992 INFO  SearchAndUsedCarsPage :81 - Selecting Car Price : 50000
2022-05-20 14:05:995 INFO  SearchAndUsedCarsPage :87 - Clicking on Find Car Button. 
2022-05-20 14:05:134 INFO  HomePage :35 - Mouse Hovering on Buy & Sell Link. 
2022-05-20 14:05:428 INFO  HomePage :43 - Mouse Hover & click on Used Car Link. 
2022-05-20 14:05:433 INFO  SearchAndUsedCarsPage :56 - Verifying Used Car for Sales Page Displayed.
2022-05-20 14:05:55 INFO  SearchAndUsedCarsPage :62 - Selecting Car Make : Tesla
2022-05-20 14:05:368 INFO  SearchAndUsedCarsPage :68 - Selecting Car Model : Model 3
2022-05-20 14:05:826 INFO  SearchAndUsedCarsPage :74 - Selecting Car Location : NSW - All
2022-05-20 14:05:120 INFO  SearchAndUsedCarsPage :81 - Selecting Car Price : 90000
2022-05-20 14:05:210 INFO  SearchAndUsedCarsPage :87 - Clicking on Find Car Button. 
2022-05-20 14:05:872 INFO  HomePage :35 - Mouse Hovering on Buy & Sell Link. 
2022-05-20 14:05:205 INFO  HomePage :43 - Mouse Hover & click on Used Car Link. 
2022-05-20 14:05:210 INFO  SearchAndUsedCarsPage :56 - Verifying Used Car for Sales Page Displayed.
2022-05-20 14:05:956 INFO  SearchAndUsedCarsPage :62 - Selecting Car Make : Ford
2022-05-20 14:05:335 INFO  SearchAndUsedCarsPage :68 - Selecting Car Model : Focus
2022-05-20 14:05:660 INFO  SearchAndUsedCarsPage :74 - Selecting Car Location : QLD - All
2022-05-20 14:05:934 INFO  SearchAndUsedCarsPage :81 - Selecting Car Price : 45000
2022-05-20 14:05:780 INFO  SearchAndUsedCarsPage :87 - Clicking on Find Car Button. 
